{"D:\\Septimo Semestre\\Pruebas\\P1\\Proyecto\\node-basic-api-for-testing\\src\\app.js": {"path":"D:\\Septimo Semestre\\Pruebas\\P1\\Proyecto\\node-basic-api-for-testing\\src\\app.js","statementMap":{"0":{"start":{"line":11,"column":0},"end":{"line":11,"column":16}},"1":{"start":{"line":13,"column":12},"end":{"line":13,"column":21}},"2":{"start":{"line":14,"column":13},"end":{"line":14,"column":37}},"3":{"start":{"line":16,"column":0},"end":{"line":16,"column":28}},"4":{"start":{"line":17,"column":0},"end":{"line":17,"column":24}},"5":{"start":{"line":19,"column":0},"end":{"line":19,"column":32}},"6":{"start":{"line":20,"column":0},"end":{"line":20,"column":42}},"7":{"start":{"line":21,"column":0},"end":{"line":21,"column":42}},"8":{"start":{"line":22,"column":0},"end":{"line":22,"column":42}},"9":{"start":{"line":23,"column":0},"end":{"line":23,"column":38}},"10":{"start":{"line":26,"column":0},"end":{"line":32,"column":1}},"11":{"start":{"line":27,"column":4},"end":{"line":27,"column":16}},"12":{"start":{"line":29,"column":4},"end":{"line":31,"column":7}},"13":{"start":{"line":30,"column":8},"end":{"line":30,"column":60}},"14":{"start":{"line":34,"column":0},"end":{"line":34,"column":21}}},"fnMap":{"0":{"name":"(anonymous_0)","decl":{"start":{"line":29,"column":21},"end":{"line":29,"column":22}},"loc":{"start":{"line":29,"column":27},"end":{"line":31,"column":5}},"line":29}},"branchMap":{"0":{"loc":{"start":{"line":14,"column":13},"end":{"line":14,"column":37}},"type":"binary-expr","locations":[{"start":{"line":14,"column":13},"end":{"line":14,"column":29}},{"start":{"line":14,"column":33},"end":{"line":14,"column":37}}],"line":14},"1":{"loc":{"start":{"line":26,"column":0},"end":{"line":32,"column":1}},"type":"if","locations":[{"start":{"line":26,"column":0},"end":{"line":32,"column":1}},{"start":{},"end":{}}],"line":26}},"s":{"0":1,"1":1,"2":1,"3":1,"4":1,"5":1,"6":1,"7":1,"8":1,"9":1,"10":1,"11":0,"12":0,"13":0,"14":1},"f":{"0":0},"b":{"0":[1,1],"1":[0,1]},"_coverageSchema":"1a1c01bbd47fc00a2c39e90264f33305004495a9","hash":"d851f9dbc69fa4a8013c7d8daf619bd0bd608c03"}
,"D:\\Septimo Semestre\\Pruebas\\P1\\Proyecto\\node-basic-api-for-testing\\src\\controllers\\car.controller.js": {"path":"D:\\Septimo Semestre\\Pruebas\\P1\\Proyecto\\node-basic-api-for-testing\\src\\controllers\\car.controller.js","statementMap":{"0":{"start":{"line":3,"column":23},"end":{"line":10,"column":1}},"1":{"start":{"line":4,"column":2},"end":{"line":9,"column":3}},"2":{"start":{"line":5,"column":17},"end":{"line":5,"column":64}},"3":{"start":{"line":6,"column":4},"end":{"line":6,"column":19}},"4":{"start":{"line":8,"column":4},"end":{"line":8,"column":51}},"5":{"start":{"line":12,"column":26},"end":{"line":20,"column":1}},"6":{"start":{"line":13,"column":2},"end":{"line":19,"column":3}},"7":{"start":{"line":14,"column":16},"end":{"line":14,"column":80}},"8":{"start":{"line":15,"column":4},"end":{"line":15,"column":72}},"9":{"start":{"line":15,"column":14},"end":{"line":15,"column":72}},"10":{"start":{"line":16,"column":4},"end":{"line":16,"column":18}},"11":{"start":{"line":18,"column":4},"end":{"line":18,"column":51}},"12":{"start":{"line":22,"column":25},"end":{"line":30,"column":1}},"13":{"start":{"line":23,"column":2},"end":{"line":29,"column":3}},"14":{"start":{"line":24,"column":16},"end":{"line":24,"column":33}},"15":{"start":{"line":25,"column":18},"end":{"line":25,"column":34}},"16":{"start":{"line":26,"column":4},"end":{"line":26,"column":32}},"17":{"start":{"line":28,"column":4},"end":{"line":28,"column":51}},"18":{"start":{"line":32,"column":25},"end":{"line":39,"column":1}},"19":{"start":{"line":33,"column":2},"end":{"line":38,"column":3}},"20":{"start":{"line":34,"column":20},"end":{"line":34,"column":87}},"21":{"start":{"line":35,"column":4},"end":{"line":35,"column":22}},"22":{"start":{"line":37,"column":4},"end":{"line":37,"column":51}},"23":{"start":{"line":41,"column":25},"end":{"line":48,"column":1}},"24":{"start":{"line":42,"column":2},"end":{"line":47,"column":3}},"25":{"start":{"line":43,"column":4},"end":{"line":43,"column":47}},"26":{"start":{"line":44,"column":4},"end":{"line":44,"column":54}},"27":{"start":{"line":46,"column":4},"end":{"line":46,"column":51}}},"fnMap":{"0":{"name":"(anonymous_0)","decl":{"start":{"line":3,"column":23},"end":{"line":3,"column":24}},"loc":{"start":{"line":3,"column":43},"end":{"line":10,"column":1}},"line":3},"1":{"name":"(anonymous_1)","decl":{"start":{"line":12,"column":26},"end":{"line":12,"column":27}},"loc":{"start":{"line":12,"column":46},"end":{"line":20,"column":1}},"line":12},"2":{"name":"(anonymous_2)","decl":{"start":{"line":22,"column":25},"end":{"line":22,"column":26}},"loc":{"start":{"line":22,"column":45},"end":{"line":30,"column":1}},"line":22},"3":{"name":"(anonymous_3)","decl":{"start":{"line":32,"column":25},"end":{"line":32,"column":26}},"loc":{"start":{"line":32,"column":45},"end":{"line":39,"column":1}},"line":32},"4":{"name":"(anonymous_4)","decl":{"start":{"line":41,"column":25},"end":{"line":41,"column":26}},"loc":{"start":{"line":41,"column":45},"end":{"line":48,"column":1}},"line":41}},"branchMap":{"0":{"loc":{"start":{"line":15,"column":4},"end":{"line":15,"column":72}},"type":"if","locations":[{"start":{"line":15,"column":4},"end":{"line":15,"column":72}},{"start":{},"end":{}}],"line":15}},"s":{"0":1,"1":0,"2":0,"3":0,"4":0,"5":1,"6":0,"7":0,"8":0,"9":0,"10":0,"11":0,"12":1,"13":0,"14":0,"15":0,"16":0,"17":0,"18":1,"19":0,"20":0,"21":0,"22":0,"23":1,"24":0,"25":0,"26":0,"27":0},"f":{"0":0,"1":0,"2":0,"3":0,"4":0},"b":{"0":[0,0]},"_coverageSchema":"1a1c01bbd47fc00a2c39e90264f33305004495a9","hash":"bb2ae01ad51a1a3a029b5d97227248572c07d96a"}
,"D:\\Septimo Semestre\\Pruebas\\P1\\Proyecto\\node-basic-api-for-testing\\src\\controllers\\customer.controller.js": {"path":"D:\\Septimo Semestre\\Pruebas\\P1\\Proyecto\\node-basic-api-for-testing\\src\\controllers\\customer.controller.js","statementMap":{"0":{"start":{"line":3,"column":28},"end":{"line":10,"column":1}},"1":{"start":{"line":4,"column":2},"end":{"line":9,"column":3}},"2":{"start":{"line":5,"column":22},"end":{"line":5,"column":43}},"3":{"start":{"line":6,"column":4},"end":{"line":6,"column":24}},"4":{"start":{"line":8,"column":4},"end":{"line":8,"column":51}},"5":{"start":{"line":12,"column":31},"end":{"line":20,"column":1}},"6":{"start":{"line":13,"column":2},"end":{"line":19,"column":3}},"7":{"start":{"line":14,"column":21},"end":{"line":14,"column":59}},"8":{"start":{"line":15,"column":4},"end":{"line":15,"column":82}},"9":{"start":{"line":15,"column":19},"end":{"line":15,"column":82}},"10":{"start":{"line":16,"column":4},"end":{"line":16,"column":23}},"11":{"start":{"line":18,"column":4},"end":{"line":18,"column":51}},"12":{"start":{"line":22,"column":30},"end":{"line":30,"column":1}},"13":{"start":{"line":23,"column":2},"end":{"line":29,"column":3}},"14":{"start":{"line":24,"column":21},"end":{"line":24,"column":43}},"15":{"start":{"line":25,"column":18},"end":{"line":25,"column":39}},"16":{"start":{"line":26,"column":4},"end":{"line":26,"column":32}},"17":{"start":{"line":28,"column":4},"end":{"line":28,"column":51}},"18":{"start":{"line":32,"column":30},"end":{"line":39,"column":1}},"19":{"start":{"line":33,"column":2},"end":{"line":38,"column":3}},"20":{"start":{"line":34,"column":20},"end":{"line":34,"column":92}},"21":{"start":{"line":35,"column":4},"end":{"line":35,"column":22}},"22":{"start":{"line":37,"column":4},"end":{"line":37,"column":51}},"23":{"start":{"line":41,"column":30},"end":{"line":48,"column":1}},"24":{"start":{"line":42,"column":2},"end":{"line":47,"column":3}},"25":{"start":{"line":43,"column":4},"end":{"line":43,"column":52}},"26":{"start":{"line":44,"column":4},"end":{"line":44,"column":59}},"27":{"start":{"line":46,"column":4},"end":{"line":46,"column":51}}},"fnMap":{"0":{"name":"(anonymous_0)","decl":{"start":{"line":3,"column":28},"end":{"line":3,"column":29}},"loc":{"start":{"line":3,"column":48},"end":{"line":10,"column":1}},"line":3},"1":{"name":"(anonymous_1)","decl":{"start":{"line":12,"column":31},"end":{"line":12,"column":32}},"loc":{"start":{"line":12,"column":51},"end":{"line":20,"column":1}},"line":12},"2":{"name":"(anonymous_2)","decl":{"start":{"line":22,"column":30},"end":{"line":22,"column":31}},"loc":{"start":{"line":22,"column":50},"end":{"line":30,"column":1}},"line":22},"3":{"name":"(anonymous_3)","decl":{"start":{"line":32,"column":30},"end":{"line":32,"column":31}},"loc":{"start":{"line":32,"column":50},"end":{"line":39,"column":1}},"line":32},"4":{"name":"(anonymous_4)","decl":{"start":{"line":41,"column":30},"end":{"line":41,"column":31}},"loc":{"start":{"line":41,"column":50},"end":{"line":48,"column":1}},"line":41}},"branchMap":{"0":{"loc":{"start":{"line":15,"column":4},"end":{"line":15,"column":82}},"type":"if","locations":[{"start":{"line":15,"column":4},"end":{"line":15,"column":82}},{"start":{},"end":{}}],"line":15}},"s":{"0":1,"1":0,"2":0,"3":0,"4":0,"5":1,"6":0,"7":0,"8":0,"9":0,"10":0,"11":0,"12":1,"13":0,"14":0,"15":0,"16":0,"17":0,"18":1,"19":0,"20":0,"21":0,"22":0,"23":1,"24":0,"25":0,"26":0,"27":0},"f":{"0":0,"1":0,"2":0,"3":0,"4":0},"b":{"0":[0,0]},"_coverageSchema":"1a1c01bbd47fc00a2c39e90264f33305004495a9","hash":"df30fc29781cd4ef283fdeeb1e3c8027e4c2d444"}
,"D:\\Septimo Semestre\\Pruebas\\P1\\Proyecto\\node-basic-api-for-testing\\src\\controllers\\employee.controller.js": {"path":"D:\\Septimo Semestre\\Pruebas\\P1\\Proyecto\\node-basic-api-for-testing\\src\\controllers\\employee.controller.js","statementMap":{"0":{"start":{"line":3,"column":28},"end":{"line":10,"column":1}},"1":{"start":{"line":4,"column":2},"end":{"line":9,"column":3}},"2":{"start":{"line":5,"column":22},"end":{"line":5,"column":67}},"3":{"start":{"line":6,"column":4},"end":{"line":6,"column":24}},"4":{"start":{"line":8,"column":4},"end":{"line":8,"column":51}},"5":{"start":{"line":12,"column":31},"end":{"line":20,"column":1}},"6":{"start":{"line":13,"column":2},"end":{"line":19,"column":3}},"7":{"start":{"line":14,"column":21},"end":{"line":14,"column":83}},"8":{"start":{"line":15,"column":4},"end":{"line":15,"column":82}},"9":{"start":{"line":15,"column":19},"end":{"line":15,"column":82}},"10":{"start":{"line":16,"column":4},"end":{"line":16,"column":23}},"11":{"start":{"line":18,"column":4},"end":{"line":18,"column":51}},"12":{"start":{"line":22,"column":30},"end":{"line":30,"column":1}},"13":{"start":{"line":23,"column":2},"end":{"line":29,"column":3}},"14":{"start":{"line":24,"column":21},"end":{"line":24,"column":43}},"15":{"start":{"line":25,"column":18},"end":{"line":25,"column":39}},"16":{"start":{"line":26,"column":4},"end":{"line":26,"column":32}},"17":{"start":{"line":28,"column":4},"end":{"line":28,"column":51}},"18":{"start":{"line":32,"column":30},"end":{"line":39,"column":1}},"19":{"start":{"line":33,"column":2},"end":{"line":38,"column":3}},"20":{"start":{"line":34,"column":20},"end":{"line":34,"column":92}},"21":{"start":{"line":35,"column":4},"end":{"line":35,"column":22}},"22":{"start":{"line":37,"column":4},"end":{"line":37,"column":51}},"23":{"start":{"line":41,"column":30},"end":{"line":48,"column":1}},"24":{"start":{"line":42,"column":2},"end":{"line":47,"column":3}},"25":{"start":{"line":43,"column":4},"end":{"line":43,"column":52}},"26":{"start":{"line":44,"column":4},"end":{"line":44,"column":55}},"27":{"start":{"line":46,"column":4},"end":{"line":46,"column":51}}},"fnMap":{"0":{"name":"(anonymous_0)","decl":{"start":{"line":3,"column":28},"end":{"line":3,"column":29}},"loc":{"start":{"line":3,"column":48},"end":{"line":10,"column":1}},"line":3},"1":{"name":"(anonymous_1)","decl":{"start":{"line":12,"column":31},"end":{"line":12,"column":32}},"loc":{"start":{"line":12,"column":51},"end":{"line":20,"column":1}},"line":12},"2":{"name":"(anonymous_2)","decl":{"start":{"line":22,"column":30},"end":{"line":22,"column":31}},"loc":{"start":{"line":22,"column":50},"end":{"line":30,"column":1}},"line":22},"3":{"name":"(anonymous_3)","decl":{"start":{"line":32,"column":30},"end":{"line":32,"column":31}},"loc":{"start":{"line":32,"column":50},"end":{"line":39,"column":1}},"line":32},"4":{"name":"(anonymous_4)","decl":{"start":{"line":41,"column":30},"end":{"line":41,"column":31}},"loc":{"start":{"line":41,"column":50},"end":{"line":48,"column":1}},"line":41}},"branchMap":{"0":{"loc":{"start":{"line":15,"column":4},"end":{"line":15,"column":82}},"type":"if","locations":[{"start":{"line":15,"column":4},"end":{"line":15,"column":82}},{"start":{},"end":{}}],"line":15}},"s":{"0":1,"1":0,"2":0,"3":0,"4":0,"5":1,"6":0,"7":0,"8":0,"9":0,"10":0,"11":0,"12":1,"13":0,"14":0,"15":0,"16":0,"17":0,"18":1,"19":0,"20":0,"21":0,"22":0,"23":1,"24":0,"25":0,"26":0,"27":0},"f":{"0":0,"1":0,"2":0,"3":0,"4":0},"b":{"0":[0,0]},"_coverageSchema":"1a1c01bbd47fc00a2c39e90264f33305004495a9","hash":"7d7741aff01c19d44678cf2d821868865a9511a6"}
,"D:\\Septimo Semestre\\Pruebas\\P1\\Proyecto\\node-basic-api-for-testing\\src\\controllers\\location.controller.js": {"path":"D:\\Septimo Semestre\\Pruebas\\P1\\Proyecto\\node-basic-api-for-testing\\src\\controllers\\location.controller.js","statementMap":{"0":{"start":{"line":3,"column":28},"end":{"line":10,"column":1}},"1":{"start":{"line":4,"column":2},"end":{"line":9,"column":3}},"2":{"start":{"line":5,"column":22},"end":{"line":5,"column":43}},"3":{"start":{"line":6,"column":4},"end":{"line":6,"column":24}},"4":{"start":{"line":8,"column":4},"end":{"line":8,"column":51}},"5":{"start":{"line":12,"column":31},"end":{"line":20,"column":1}},"6":{"start":{"line":13,"column":2},"end":{"line":19,"column":3}},"7":{"start":{"line":14,"column":21},"end":{"line":14,"column":59}},"8":{"start":{"line":15,"column":4},"end":{"line":15,"column":82}},"9":{"start":{"line":15,"column":19},"end":{"line":15,"column":82}},"10":{"start":{"line":16,"column":4},"end":{"line":16,"column":23}},"11":{"start":{"line":18,"column":4},"end":{"line":18,"column":51}},"12":{"start":{"line":22,"column":30},"end":{"line":30,"column":1}},"13":{"start":{"line":23,"column":2},"end":{"line":29,"column":3}},"14":{"start":{"line":24,"column":21},"end":{"line":24,"column":43}},"15":{"start":{"line":25,"column":18},"end":{"line":25,"column":39}},"16":{"start":{"line":26,"column":4},"end":{"line":26,"column":32}},"17":{"start":{"line":28,"column":4},"end":{"line":28,"column":51}},"18":{"start":{"line":32,"column":30},"end":{"line":39,"column":1}},"19":{"start":{"line":33,"column":2},"end":{"line":38,"column":3}},"20":{"start":{"line":34,"column":20},"end":{"line":34,"column":92}},"21":{"start":{"line":35,"column":4},"end":{"line":35,"column":22}},"22":{"start":{"line":37,"column":4},"end":{"line":37,"column":51}},"23":{"start":{"line":41,"column":30},"end":{"line":48,"column":1}},"24":{"start":{"line":42,"column":2},"end":{"line":47,"column":3}},"25":{"start":{"line":43,"column":4},"end":{"line":43,"column":52}},"26":{"start":{"line":44,"column":4},"end":{"line":44,"column":63}},"27":{"start":{"line":46,"column":4},"end":{"line":46,"column":51}}},"fnMap":{"0":{"name":"(anonymous_0)","decl":{"start":{"line":3,"column":28},"end":{"line":3,"column":29}},"loc":{"start":{"line":3,"column":48},"end":{"line":10,"column":1}},"line":3},"1":{"name":"(anonymous_1)","decl":{"start":{"line":12,"column":31},"end":{"line":12,"column":32}},"loc":{"start":{"line":12,"column":51},"end":{"line":20,"column":1}},"line":12},"2":{"name":"(anonymous_2)","decl":{"start":{"line":22,"column":30},"end":{"line":22,"column":31}},"loc":{"start":{"line":22,"column":50},"end":{"line":30,"column":1}},"line":22},"3":{"name":"(anonymous_3)","decl":{"start":{"line":32,"column":30},"end":{"line":32,"column":31}},"loc":{"start":{"line":32,"column":50},"end":{"line":39,"column":1}},"line":32},"4":{"name":"(anonymous_4)","decl":{"start":{"line":41,"column":30},"end":{"line":41,"column":31}},"loc":{"start":{"line":41,"column":50},"end":{"line":48,"column":1}},"line":41}},"branchMap":{"0":{"loc":{"start":{"line":15,"column":4},"end":{"line":15,"column":82}},"type":"if","locations":[{"start":{"line":15,"column":4},"end":{"line":15,"column":82}},{"start":{},"end":{}}],"line":15}},"s":{"0":1,"1":0,"2":0,"3":0,"4":0,"5":1,"6":0,"7":0,"8":0,"9":0,"10":0,"11":0,"12":1,"13":0,"14":0,"15":0,"16":0,"17":0,"18":1,"19":0,"20":0,"21":0,"22":0,"23":1,"24":0,"25":0,"26":0,"27":0},"f":{"0":0,"1":0,"2":0,"3":0,"4":0},"b":{"0":[0,0]},"_coverageSchema":"1a1c01bbd47fc00a2c39e90264f33305004495a9","hash":"6cbcf2e6969e55fa0ff725e0b299e637481e6545"}
,"D:\\Septimo Semestre\\Pruebas\\P1\\Proyecto\\node-basic-api-for-testing\\src\\controllers\\rental.controller.js": {"path":"D:\\Septimo Semestre\\Pruebas\\P1\\Proyecto\\node-basic-api-for-testing\\src\\controllers\\rental.controller.js","statementMap":{"0":{"start":{"line":3,"column":26},"end":{"line":12,"column":1}},"1":{"start":{"line":4,"column":2},"end":{"line":11,"column":3}},"2":{"start":{"line":5,"column":20},"end":{"line":7,"column":25}},"3":{"start":{"line":8,"column":4},"end":{"line":8,"column":22}},"4":{"start":{"line":10,"column":4},"end":{"line":10,"column":51}},"5":{"start":{"line":14,"column":29},"end":{"line":24,"column":1}},"6":{"start":{"line":15,"column":2},"end":{"line":23,"column":3}},"7":{"start":{"line":16,"column":19},"end":{"line":18,"column":25}},"8":{"start":{"line":19,"column":4},"end":{"line":19,"column":76}},"9":{"start":{"line":19,"column":17},"end":{"line":19,"column":76}},"10":{"start":{"line":20,"column":4},"end":{"line":20,"column":21}},"11":{"start":{"line":22,"column":4},"end":{"line":22,"column":51}},"12":{"start":{"line":26,"column":28},"end":{"line":69,"column":1}},"13":{"start":{"line":27,"column":2},"end":{"line":68,"column":3}},"14":{"start":{"line":28,"column":49},"end":{"line":28,"column":57}},"15":{"start":{"line":31,"column":30},"end":{"line":55,"column":6}},"16":{"start":{"line":57,"column":4},"end":{"line":61,"column":5}},"17":{"start":{"line":58,"column":6},"end":{"line":60,"column":9}},"18":{"start":{"line":63,"column":19},"end":{"line":63,"column":39}},"19":{"start":{"line":64,"column":18},"end":{"line":64,"column":37}},"20":{"start":{"line":65,"column":4},"end":{"line":65,"column":32}},"21":{"start":{"line":67,"column":4},"end":{"line":67,"column":51}},"22":{"start":{"line":71,"column":28},"end":{"line":122,"column":1}},"23":{"start":{"line":72,"column":2},"end":{"line":121,"column":3}},"24":{"start":{"line":73,"column":49},"end":{"line":73,"column":57}},"25":{"start":{"line":74,"column":21},"end":{"line":74,"column":34}},"26":{"start":{"line":77,"column":4},"end":{"line":115,"column":5}},"27":{"start":{"line":78,"column":28},"end":{"line":78,"column":59}},"28":{"start":{"line":79,"column":25},"end":{"line":79,"column":55}},"29":{"start":{"line":80,"column":30},"end":{"line":80,"column":70}},"30":{"start":{"line":81,"column":30},"end":{"line":81,"column":70}},"31":{"start":{"line":83,"column":32},"end":{"line":108,"column":8}},"32":{"start":{"line":110,"column":6},"end":{"line":114,"column":7}},"33":{"start":{"line":111,"column":8},"end":{"line":113,"column":11}},"34":{"start":{"line":117,"column":20},"end":{"line":117,"column":90}},"35":{"start":{"line":118,"column":4},"end":{"line":118,"column":22}},"36":{"start":{"line":120,"column":4},"end":{"line":120,"column":51}},"37":{"start":{"line":124,"column":28},"end":{"line":131,"column":1}},"38":{"start":{"line":125,"column":2},"end":{"line":130,"column":3}},"39":{"start":{"line":126,"column":4},"end":{"line":126,"column":50}},"40":{"start":{"line":127,"column":4},"end":{"line":127,"column":55}},"41":{"start":{"line":129,"column":4},"end":{"line":129,"column":51}}},"fnMap":{"0":{"name":"(anonymous_0)","decl":{"start":{"line":3,"column":26},"end":{"line":3,"column":27}},"loc":{"start":{"line":3,"column":46},"end":{"line":12,"column":1}},"line":3},"1":{"name":"(anonymous_1)","decl":{"start":{"line":14,"column":29},"end":{"line":14,"column":30}},"loc":{"start":{"line":14,"column":49},"end":{"line":24,"column":1}},"line":14},"2":{"name":"(anonymous_2)","decl":{"start":{"line":26,"column":28},"end":{"line":26,"column":29}},"loc":{"start":{"line":26,"column":48},"end":{"line":69,"column":1}},"line":26},"3":{"name":"(anonymous_3)","decl":{"start":{"line":71,"column":28},"end":{"line":71,"column":29}},"loc":{"start":{"line":71,"column":48},"end":{"line":122,"column":1}},"line":71},"4":{"name":"(anonymous_4)","decl":{"start":{"line":124,"column":28},"end":{"line":124,"column":29}},"loc":{"start":{"line":124,"column":48},"end":{"line":131,"column":1}},"line":124}},"branchMap":{"0":{"loc":{"start":{"line":19,"column":4},"end":{"line":19,"column":76}},"type":"if","locations":[{"start":{"line":19,"column":4},"end":{"line":19,"column":76}},{"start":{},"end":{}}],"line":19},"1":{"loc":{"start":{"line":57,"column":4},"end":{"line":61,"column":5}},"type":"if","locations":[{"start":{"line":57,"column":4},"end":{"line":61,"column":5}},{"start":{},"end":{}}],"line":57},"2":{"loc":{"start":{"line":77,"column":4},"end":{"line":115,"column":5}},"type":"if","locations":[{"start":{"line":77,"column":4},"end":{"line":115,"column":5}},{"start":{},"end":{}}],"line":77},"3":{"loc":{"start":{"line":77,"column":8},"end":{"line":77,"column":44}},"type":"binary-expr","locations":[{"start":{"line":77,"column":8},"end":{"line":77,"column":14}},{"start":{"line":77,"column":18},"end":{"line":77,"column":29}},{"start":{"line":77,"column":33},"end":{"line":77,"column":44}}],"line":77},"4":{"loc":{"start":{"line":79,"column":25},"end":{"line":79,"column":55}},"type":"binary-expr","locations":[{"start":{"line":79,"column":25},"end":{"line":79,"column":31}},{"start":{"line":79,"column":35},"end":{"line":79,"column":55}}],"line":79},"5":{"loc":{"start":{"line":80,"column":30},"end":{"line":80,"column":70}},"type":"binary-expr","locations":[{"start":{"line":80,"column":30},"end":{"line":80,"column":41}},{"start":{"line":80,"column":45},"end":{"line":80,"column":70}}],"line":80},"6":{"loc":{"start":{"line":81,"column":30},"end":{"line":81,"column":70}},"type":"binary-expr","locations":[{"start":{"line":81,"column":30},"end":{"line":81,"column":41}},{"start":{"line":81,"column":45},"end":{"line":81,"column":70}}],"line":81},"7":{"loc":{"start":{"line":110,"column":6},"end":{"line":114,"column":7}},"type":"if","locations":[{"start":{"line":110,"column":6},"end":{"line":114,"column":7}},{"start":{},"end":{}}],"line":110}},"s":{"0":1,"1":1,"2":1,"3":1,"4":0,"5":1,"6":2,"7":2,"8":2,"9":1,"10":1,"11":0,"12":1,"13":1,"14":1,"15":1,"16":1,"17":0,"18":1,"19":1,"20":1,"21":0,"22":1,"23":0,"24":0,"25":0,"26":0,"27":0,"28":0,"29":0,"30":0,"31":0,"32":0,"33":0,"34":0,"35":0,"36":0,"37":1,"38":1,"39":1,"40":1,"41":0},"f":{"0":1,"1":2,"2":1,"3":0,"4":1},"b":{"0":[1,1],"1":[0,1],"2":[0,0],"3":[0,0,0],"4":[0,0],"5":[0,0],"6":[0,0],"7":[0,0]},"_coverageSchema":"1a1c01bbd47fc00a2c39e90264f33305004495a9","hash":"86bd6d23b8709de6273b165bc0ec5832bbf8f40d"}
,"D:\\Septimo Semestre\\Pruebas\\P1\\Proyecto\\node-basic-api-for-testing\\src\\db\\db.js": {"path":"D:\\Septimo Semestre\\Pruebas\\P1\\Proyecto\\node-basic-api-for-testing\\src\\db\\db.js","statementMap":{"0":{"start":{"line":3,"column":25},"end":{"line":10,"column":1}},"1":{"start":{"line":4,"column":4},"end":{"line":9,"column":5}},"2":{"start":{"line":5,"column":8},"end":{"line":5,"column":54}},"3":{"start":{"line":7,"column":8},"end":{"line":7,"column":61}},"4":{"start":{"line":8,"column":8},"end":{"line":8,"column":24}}},"fnMap":{"0":{"name":"(anonymous_0)","decl":{"start":{"line":3,"column":25},"end":{"line":3,"column":26}},"loc":{"start":{"line":3,"column":37},"end":{"line":10,"column":1}},"line":3}},"branchMap":{},"s":{"0":1,"1":0,"2":0,"3":0,"4":0},"f":{"0":0},"b":{},"_coverageSchema":"1a1c01bbd47fc00a2c39e90264f33305004495a9","hash":"1c7fe5df69e3f17d60acd0d0ccaf6eba0bc57f2d"}
,"D:\\Septimo Semestre\\Pruebas\\P1\\Proyecto\\node-basic-api-for-testing\\src\\models\\car.model.js": {"path":"D:\\Septimo Semestre\\Pruebas\\P1\\Proyecto\\node-basic-api-for-testing\\src\\models\\car.model.js","statementMap":{"0":{"start":{"line":3,"column":18},"end":{"line":9,"column":2}}},"fnMap":{},"branchMap":{},"s":{"0":1},"f":{},"b":{},"_coverageSchema":"1a1c01bbd47fc00a2c39e90264f33305004495a9","hash":"b7ba175d053b12bb76619ce4cf888d422e2a3615"}
,"D:\\Septimo Semestre\\Pruebas\\P1\\Proyecto\\node-basic-api-for-testing\\src\\models\\customer.model.js": {"path":"D:\\Septimo Semestre\\Pruebas\\P1\\Proyecto\\node-basic-api-for-testing\\src\\models\\customer.model.js","statementMap":{"0":{"start":{"line":3,"column":23},"end":{"line":8,"column":2}}},"fnMap":{},"branchMap":{},"s":{"0":1},"f":{},"b":{},"_coverageSchema":"1a1c01bbd47fc00a2c39e90264f33305004495a9","hash":"1880acbd674cd52156d0dc1c0b017b8782a0dcbe"}
,"D:\\Septimo Semestre\\Pruebas\\P1\\Proyecto\\node-basic-api-for-testing\\src\\models\\employee.model.js": {"path":"D:\\Septimo Semestre\\Pruebas\\P1\\Proyecto\\node-basic-api-for-testing\\src\\models\\employee.model.js","statementMap":{"0":{"start":{"line":3,"column":23},"end":{"line":8,"column":2}}},"fnMap":{},"branchMap":{},"s":{"0":1},"f":{},"b":{},"_coverageSchema":"1a1c01bbd47fc00a2c39e90264f33305004495a9","hash":"059c9b13c5e4ace04ace86f29e11e33676924dcc"}
,"D:\\Septimo Semestre\\Pruebas\\P1\\Proyecto\\node-basic-api-for-testing\\src\\models\\location.model.js": {"path":"D:\\Septimo Semestre\\Pruebas\\P1\\Proyecto\\node-basic-api-for-testing\\src\\models\\location.model.js","statementMap":{"0":{"start":{"line":3,"column":23},"end":{"line":9,"column":2}}},"fnMap":{},"branchMap":{},"s":{"0":1},"f":{},"b":{},"_coverageSchema":"1a1c01bbd47fc00a2c39e90264f33305004495a9","hash":"fd7bfa4d6c8afe6246a16a814cfc9dfd3dbbd5e7"}
,"D:\\Septimo Semestre\\Pruebas\\P1\\Proyecto\\node-basic-api-for-testing\\src\\models\\rental.model.js": {"path":"D:\\Septimo Semestre\\Pruebas\\P1\\Proyecto\\node-basic-api-for-testing\\src\\models\\rental.model.js","statementMap":{"0":{"start":{"line":3,"column":21},"end":{"line":9,"column":2}}},"fnMap":{},"branchMap":{},"s":{"0":1},"f":{},"b":{},"_coverageSchema":"1a1c01bbd47fc00a2c39e90264f33305004495a9","hash":"1b04ee4150d9ea1f92711bbef1dd5d22367631c4"}
,"D:\\Septimo Semestre\\Pruebas\\P1\\Proyecto\\node-basic-api-for-testing\\src\\routes\\car.routes.js": {"path":"D:\\Septimo Semestre\\Pruebas\\P1\\Proyecto\\node-basic-api-for-testing\\src\\routes\\car.routes.js","statementMap":{"0":{"start":{"line":4,"column":15},"end":{"line":4,"column":23}},"1":{"start":{"line":6,"column":0},"end":{"line":6,"column":25}},"2":{"start":{"line":7,"column":0},"end":{"line":7,"column":31}},"3":{"start":{"line":8,"column":0},"end":{"line":8,"column":28}},"4":{"start":{"line":9,"column":0},"end":{"line":9,"column":30}},"5":{"start":{"line":10,"column":0},"end":{"line":10,"column":33}}},"fnMap":{},"branchMap":{},"s":{"0":1,"1":1,"2":1,"3":1,"4":1,"5":1},"f":{},"b":{},"_coverageSchema":"1a1c01bbd47fc00a2c39e90264f33305004495a9","hash":"56b2c60cad5c6748eb2da758e85e1b8a74d072b5"}
,"D:\\Septimo Semestre\\Pruebas\\P1\\Proyecto\\node-basic-api-for-testing\\src\\routes\\customer.routes.js": {"path":"D:\\Septimo Semestre\\Pruebas\\P1\\Proyecto\\node-basic-api-for-testing\\src\\routes\\customer.routes.js","statementMap":{"0":{"start":{"line":4,"column":15},"end":{"line":4,"column":23}},"1":{"start":{"line":6,"column":0},"end":{"line":6,"column":30}},"2":{"start":{"line":7,"column":0},"end":{"line":7,"column":36}},"3":{"start":{"line":8,"column":0},"end":{"line":8,"column":33}},"4":{"start":{"line":9,"column":0},"end":{"line":9,"column":35}},"5":{"start":{"line":10,"column":0},"end":{"line":10,"column":38}}},"fnMap":{},"branchMap":{},"s":{"0":1,"1":1,"2":1,"3":1,"4":1,"5":1},"f":{},"b":{},"_coverageSchema":"1a1c01bbd47fc00a2c39e90264f33305004495a9","hash":"65b9ee810837846cea24a9b0046709564e86e2ee"}
,"D:\\Septimo Semestre\\Pruebas\\P1\\Proyecto\\node-basic-api-for-testing\\src\\routes\\emplotee.routes.js": {"path":"D:\\Septimo Semestre\\Pruebas\\P1\\Proyecto\\node-basic-api-for-testing\\src\\routes\\emplotee.routes.js","statementMap":{"0":{"start":{"line":4,"column":15},"end":{"line":4,"column":23}},"1":{"start":{"line":6,"column":0},"end":{"line":6,"column":30}},"2":{"start":{"line":7,"column":0},"end":{"line":7,"column":36}},"3":{"start":{"line":8,"column":0},"end":{"line":8,"column":33}},"4":{"start":{"line":9,"column":0},"end":{"line":9,"column":35}},"5":{"start":{"line":10,"column":0},"end":{"line":10,"column":38}}},"fnMap":{},"branchMap":{},"s":{"0":1,"1":1,"2":1,"3":1,"4":1,"5":1},"f":{},"b":{},"_coverageSchema":"1a1c01bbd47fc00a2c39e90264f33305004495a9","hash":"6b7fc49ba8837ae40b42208b530fa9592f05f60c"}
,"D:\\Septimo Semestre\\Pruebas\\P1\\Proyecto\\node-basic-api-for-testing\\src\\routes\\location.routes.js": {"path":"D:\\Septimo Semestre\\Pruebas\\P1\\Proyecto\\node-basic-api-for-testing\\src\\routes\\location.routes.js","statementMap":{"0":{"start":{"line":4,"column":15},"end":{"line":4,"column":23}},"1":{"start":{"line":6,"column":0},"end":{"line":6,"column":30}},"2":{"start":{"line":7,"column":0},"end":{"line":7,"column":36}},"3":{"start":{"line":8,"column":0},"end":{"line":8,"column":33}},"4":{"start":{"line":9,"column":0},"end":{"line":9,"column":35}},"5":{"start":{"line":10,"column":0},"end":{"line":10,"column":38}}},"fnMap":{},"branchMap":{},"s":{"0":1,"1":1,"2":1,"3":1,"4":1,"5":1},"f":{},"b":{},"_coverageSchema":"1a1c01bbd47fc00a2c39e90264f33305004495a9","hash":"32587811aab80be35006688d11c34bc4fa69d212"}
,"D:\\Septimo Semestre\\Pruebas\\P1\\Proyecto\\node-basic-api-for-testing\\src\\routes\\rental.routes.js": {"path":"D:\\Septimo Semestre\\Pruebas\\P1\\Proyecto\\node-basic-api-for-testing\\src\\routes\\rental.routes.js","statementMap":{"0":{"start":{"line":4,"column":15},"end":{"line":4,"column":23}},"1":{"start":{"line":6,"column":0},"end":{"line":6,"column":28}},"2":{"start":{"line":7,"column":0},"end":{"line":7,"column":34}},"3":{"start":{"line":8,"column":0},"end":{"line":8,"column":31}},"4":{"start":{"line":9,"column":0},"end":{"line":9,"column":33}},"5":{"start":{"line":10,"column":0},"end":{"line":10,"column":36}}},"fnMap":{},"branchMap":{},"s":{"0":1,"1":1,"2":1,"3":1,"4":1,"5":1},"f":{},"b":{},"_coverageSchema":"1a1c01bbd47fc00a2c39e90264f33305004495a9","hash":"b874fd8841ea674523c1d787c0259d82822b88d2"}
}
